CRITICAL - 2023-06-20 05:24:26 --> Undefined variable $currentPage
in APPPATH\Views\navbar.php on line 46.
 1 APPPATH\Views\navbar.php(46): CodeIgniter\Debug\Exceptions->errorHandler(2, 'Undefined variable $currentPage', 'APPPATH\\Views\\navbar.php', 46)
 2 APPPATH\Views\home_page.php(3): include('APPPATH\\Views\\navbar.php')
 3 SYSTEMPATH\View\View.php(213): include('APPPATH\\Views\\home_page.php')
 4 SYSTEMPATH\View\View.php(216): CodeIgniter\View\View->CodeIgniter\View\{closure}()
 5 SYSTEMPATH\Common.php(1184): CodeIgniter\View\View->render('home_page', [], true)
 6 APPPATH\Controllers\Home.php(13): view('home_page')
 7 SYSTEMPATH\CodeIgniter.php(934): App\Controllers\Home->home()
 8 SYSTEMPATH\CodeIgniter.php(499): CodeIgniter\CodeIgniter->runController(Object(App\Controllers\Home))
 9 SYSTEMPATH\CodeIgniter.php(368): CodeIgniter\CodeIgniter->handleRequest(null, Object(Config\Cache), false)
10 FCPATH\index.php(67): CodeIgniter\CodeIgniter->run()
CRITICAL - 2023-06-20 05:25:03 --> Undefined variable $home
in APPPATH\Views\navbar.php on line 46.
 1 APPPATH\Views\navbar.php(46): CodeIgniter\Debug\Exceptions->errorHandler(2, 'Undefined variable $home', 'APPPATH\\Views\\navbar.php', 46)
 2 APPPATH\Views\home_page.php(3): include('APPPATH\\Views\\navbar.php')
 3 SYSTEMPATH\View\View.php(213): include('APPPATH\\Views\\home_page.php')
 4 SYSTEMPATH\View\View.php(216): CodeIgniter\View\View->CodeIgniter\View\{closure}()
 5 SYSTEMPATH\Common.php(1184): CodeIgniter\View\View->render('home_page', [], true)
 6 APPPATH\Controllers\Home.php(13): view('home_page')
 7 SYSTEMPATH\CodeIgniter.php(934): App\Controllers\Home->home()
 8 SYSTEMPATH\CodeIgniter.php(499): CodeIgniter\CodeIgniter->runController(Object(App\Controllers\Home))
 9 SYSTEMPATH\CodeIgniter.php(368): CodeIgniter\CodeIgniter->handleRequest(null, Object(Config\Cache), false)
10 FCPATH\index.php(67): CodeIgniter\CodeIgniter->run()
CRITICAL - 2023-06-20 05:25:06 --> Undefined variable $home
in APPPATH\Views\navbar.php on line 46.
 1 APPPATH\Views\navbar.php(46): CodeIgniter\Debug\Exceptions->errorHandler(2, 'Undefined variable $home', 'APPPATH\\Views\\navbar.php', 46)
 2 APPPATH\Views\home_page.php(3): include('APPPATH\\Views\\navbar.php')
 3 SYSTEMPATH\View\View.php(213): include('APPPATH\\Views\\home_page.php')
 4 SYSTEMPATH\View\View.php(216): CodeIgniter\View\View->CodeIgniter\View\{closure}()
 5 SYSTEMPATH\Common.php(1184): CodeIgniter\View\View->render('home_page', [], true)
 6 APPPATH\Controllers\Home.php(13): view('home_page')
 7 SYSTEMPATH\CodeIgniter.php(934): App\Controllers\Home->home()
 8 SYSTEMPATH\CodeIgniter.php(499): CodeIgniter\CodeIgniter->runController(Object(App\Controllers\Home))
 9 SYSTEMPATH\CodeIgniter.php(368): CodeIgniter\CodeIgniter->handleRequest(null, Object(Config\Cache), false)
10 FCPATH\index.php(67): CodeIgniter\CodeIgniter->run()
CRITICAL - 2023-06-20 05:27:54 --> Undefined variable $currentpage
in APPPATH\Views\navbar.php on line 46.
 1 APPPATH\Views\navbar.php(46): CodeIgniter\Debug\Exceptions->errorHandler(2, 'Undefined variable $currentpage', 'APPPATH\\Views\\navbar.php', 46)
 2 APPPATH\Views\home_page.php(3): include('APPPATH\\Views\\navbar.php')
 3 SYSTEMPATH\View\View.php(213): include('APPPATH\\Views\\home_page.php')
 4 SYSTEMPATH\View\View.php(216): CodeIgniter\View\View->CodeIgniter\View\{closure}()
 5 SYSTEMPATH\Common.php(1184): CodeIgniter\View\View->render('home_page', [], true)
 6 APPPATH\Controllers\Home.php(13): view('home_page')
 7 SYSTEMPATH\CodeIgniter.php(934): App\Controllers\Home->home()
 8 SYSTEMPATH\CodeIgniter.php(499): CodeIgniter\CodeIgniter->runController(Object(App\Controllers\Home))
 9 SYSTEMPATH\CodeIgniter.php(368): CodeIgniter\CodeIgniter->handleRequest(null, Object(Config\Cache), false)
10 FCPATH\index.php(67): CodeIgniter\CodeIgniter->run()
CRITICAL - 2023-06-20 05:37:14 --> Undefined variable $currentPage
in APPPATH\Views\navbar.php on line 49.
 1 APPPATH\Views\navbar.php(49): CodeIgniter\Debug\Exceptions->errorHandler(2, 'Undefined variable $currentPage', 'APPPATH\\Views\\navbar.php', 49)
 2 APPPATH\Views\about_page.php(3): include('APPPATH\\Views\\navbar.php')
 3 SYSTEMPATH\View\View.php(213): include('APPPATH\\Views\\about_page.php')
 4 SYSTEMPATH\View\View.php(216): CodeIgniter\View\View->CodeIgniter\View\{closure}()
 5 SYSTEMPATH\Common.php(1184): CodeIgniter\View\View->render('about_page', [], true)
 6 APPPATH\Controllers\Home.php(49): view('about_page')
 7 SYSTEMPATH\CodeIgniter.php(934): App\Controllers\Home->about()
 8 SYSTEMPATH\CodeIgniter.php(499): CodeIgniter\CodeIgniter->runController(Object(App\Controllers\Home))
 9 SYSTEMPATH\CodeIgniter.php(368): CodeIgniter\CodeIgniter->handleRequest(null, Object(Config\Cache), false)
10 FCPATH\index.php(67): CodeIgniter\CodeIgniter->run()
CRITICAL - 2023-06-20 05:38:19 --> Undefined variable $currentPage
in APPPATH\Views\navbar.php on line 55.
 1 APPPATH\Views\navbar.php(55): CodeIgniter\Debug\Exceptions->errorHandler(2, 'Undefined variable $currentPage', 'APPPATH\\Views\\navbar.php', 55)
 2 APPPATH\Views\about_page.php(3): include('APPPATH\\Views\\navbar.php')
 3 SYSTEMPATH\View\View.php(213): include('APPPATH\\Views\\about_page.php')
 4 SYSTEMPATH\View\View.php(216): CodeIgniter\View\View->CodeIgniter\View\{closure}()
 5 SYSTEMPATH\Common.php(1184): CodeIgniter\View\View->render('about_page', [], true)
 6 APPPATH\Controllers\Home.php(49): view('about_page')
 7 SYSTEMPATH\CodeIgniter.php(934): App\Controllers\Home->about()
 8 SYSTEMPATH\CodeIgniter.php(499): CodeIgniter\CodeIgniter->runController(Object(App\Controllers\Home))
 9 SYSTEMPATH\CodeIgniter.php(368): CodeIgniter\CodeIgniter->handleRequest(null, Object(Config\Cache), false)
10 FCPATH\index.php(67): CodeIgniter\CodeIgniter->run()
CRITICAL - 2023-06-20 05:40:40 --> Undefined variable $currentpage
in APPPATH\Views\navbar.php on line 46.
 1 APPPATH\Views\navbar.php(46): CodeIgniter\Debug\Exceptions->errorHandler(2, 'Undefined variable $currentpage', 'APPPATH\\Views\\navbar.php', 46)
 2 APPPATH\Views\about_page.php(3): include('APPPATH\\Views\\navbar.php')
 3 SYSTEMPATH\View\View.php(213): include('APPPATH\\Views\\about_page.php')
 4 SYSTEMPATH\View\View.php(216): CodeIgniter\View\View->CodeIgniter\View\{closure}()
 5 SYSTEMPATH\Common.php(1184): CodeIgniter\View\View->render('about_page', [], true)
 6 APPPATH\Controllers\Home.php(49): view('about_page')
 7 SYSTEMPATH\CodeIgniter.php(934): App\Controllers\Home->about()
 8 SYSTEMPATH\CodeIgniter.php(499): CodeIgniter\CodeIgniter->runController(Object(App\Controllers\Home))
 9 SYSTEMPATH\CodeIgniter.php(368): CodeIgniter\CodeIgniter->handleRequest(null, Object(Config\Cache), false)
10 FCPATH\index.php(67): CodeIgniter\CodeIgniter->run()
CRITICAL - 2023-06-20 05:41:37 --> Undefined variable $currentpage
in APPPATH\Views\navbar.php on line 46.
 1 APPPATH\Views\navbar.php(46): CodeIgniter\Debug\Exceptions->errorHandler(2, 'Undefined variable $currentpage', 'APPPATH\\Views\\navbar.php', 46)
 2 APPPATH\Views\about_page.php(3): include('APPPATH\\Views\\navbar.php')
 3 SYSTEMPATH\View\View.php(213): include('APPPATH\\Views\\about_page.php')
 4 SYSTEMPATH\View\View.php(216): CodeIgniter\View\View->CodeIgniter\View\{closure}()
 5 SYSTEMPATH\Common.php(1184): CodeIgniter\View\View->render('about_page', [], true)
 6 APPPATH\Controllers\Home.php(49): view('about_page')
 7 SYSTEMPATH\CodeIgniter.php(934): App\Controllers\Home->about()
 8 SYSTEMPATH\CodeIgniter.php(499): CodeIgniter\CodeIgniter->runController(Object(App\Controllers\Home))
 9 SYSTEMPATH\CodeIgniter.php(368): CodeIgniter\CodeIgniter->handleRequest(null, Object(Config\Cache), false)
10 FCPATH\index.php(67): CodeIgniter\CodeIgniter->run()
CRITICAL - 2023-06-20 05:43:38 --> Undefined variable $currentpage
in APPPATH\Views\navbar.php on line 46.
 1 APPPATH\Views\navbar.php(46): CodeIgniter\Debug\Exceptions->errorHandler(2, 'Undefined variable $currentpage', 'APPPATH\\Views\\navbar.php', 46)
 2 APPPATH\Views\about_page.php(3): include('APPPATH\\Views\\navbar.php')
 3 SYSTEMPATH\View\View.php(213): include('APPPATH\\Views\\about_page.php')
 4 SYSTEMPATH\View\View.php(216): CodeIgniter\View\View->CodeIgniter\View\{closure}()
 5 SYSTEMPATH\Common.php(1184): CodeIgniter\View\View->render('about_page', [], true)
 6 APPPATH\Controllers\Home.php(49): view('about_page')
 7 SYSTEMPATH\CodeIgniter.php(934): App\Controllers\Home->about()
 8 SYSTEMPATH\CodeIgniter.php(499): CodeIgniter\CodeIgniter->runController(Object(App\Controllers\Home))
 9 SYSTEMPATH\CodeIgniter.php(368): CodeIgniter\CodeIgniter->handleRequest(null, Object(Config\Cache), false)
10 FCPATH\index.php(67): CodeIgniter\CodeIgniter->run()
CRITICAL - 2023-06-20 05:46:42 --> Undefined variable $currentpage
in APPPATH\Views\navbar.php on line 46.
 1 APPPATH\Views\navbar.php(46): CodeIgniter\Debug\Exceptions->errorHandler(2, 'Undefined variable $currentpage', 'APPPATH\\Views\\navbar.php', 46)
 2 APPPATH\Views\about_page.php(3): include('APPPATH\\Views\\navbar.php')
 3 SYSTEMPATH\View\View.php(213): include('APPPATH\\Views\\about_page.php')
 4 SYSTEMPATH\View\View.php(216): CodeIgniter\View\View->CodeIgniter\View\{closure}()
 5 SYSTEMPATH\Common.php(1184): CodeIgniter\View\View->render('about_page', [], true)
 6 APPPATH\Controllers\Home.php(49): view('about_page')
 7 SYSTEMPATH\CodeIgniter.php(934): App\Controllers\Home->about()
 8 SYSTEMPATH\CodeIgniter.php(499): CodeIgniter\CodeIgniter->runController(Object(App\Controllers\Home))
 9 SYSTEMPATH\CodeIgniter.php(368): CodeIgniter\CodeIgniter->handleRequest(null, Object(Config\Cache), false)
10 FCPATH\index.php(67): CodeIgniter\CodeIgniter->run()
CRITICAL - 2023-06-20 05:49:21 --> Undefined variable $currentpage
in APPPATH\Views\navbar.php on line 46.
 1 APPPATH\Views\navbar.php(46): CodeIgniter\Debug\Exceptions->errorHandler(2, 'Undefined variable $currentpage', 'APPPATH\\Views\\navbar.php', 46)
 2 APPPATH\Views\about_page.php(3): include('APPPATH\\Views\\navbar.php')
 3 SYSTEMPATH\View\View.php(213): include('APPPATH\\Views\\about_page.php')
 4 SYSTEMPATH\View\View.php(216): CodeIgniter\View\View->CodeIgniter\View\{closure}()
 5 SYSTEMPATH\Common.php(1184): CodeIgniter\View\View->render('about_page', [], true)
 6 APPPATH\Controllers\Home.php(49): view('about_page')
 7 SYSTEMPATH\CodeIgniter.php(934): App\Controllers\Home->about()
 8 SYSTEMPATH\CodeIgniter.php(499): CodeIgniter\CodeIgniter->runController(Object(App\Controllers\Home))
 9 SYSTEMPATH\CodeIgniter.php(368): CodeIgniter\CodeIgniter->handleRequest(null, Object(Config\Cache), false)
10 FCPATH\index.php(67): CodeIgniter\CodeIgniter->run()
